<?xml version="1.0" encoding="UTF-8"?>
<!-- Generated by org.testng.reporters.JUnitReportReporter -->
<testsuite hostname="0410-3535" failures="0" tests="4" name="clm.DataDrivenTest" time="164.388" errors="0" timestamp="2023-02-06T00:05:54 GMT-09:00" skipped="0">
  <testcase classname="clm.DataDrivenTest" name="loginTest" time="35.073"/>
  <system-out/>
  <testcase classname="clm.DataDrivenTest" name="loginTest" time="37.330"/>
  <system-out/>
  <testcase classname="clm.DataDrivenTest" name="loginTest" time="45.148"/>
  <system-out/>
  <testcase classname="clm.DataDrivenTest" name="loginTest" time="46.837"/>
  <system-out/>
</testsuite> <!-- clm.DataDrivenTest -->
