<?xml version="1.0" encoding="UTF-8"?>
<!-- Generated by org.testng.reporters.JUnitReportReporter -->
<testsuite hostname="0410-3535" failures="0" tests="1" name="Overriding.Pattern" time="0.012" errors="0" timestamp="2023-06-07T21:00:42 IST" skipped="0">
  <testcase classname="Overriding.Pattern" name="primeNumberList" time="0.012"/>
  <system-out/>
</testsuite> <!-- Overriding.Pattern -->
