<?xml version="1.0" encoding="UTF-8"?>
<!-- Generated by org.testng.reporters.JUnitReportReporter -->
<testsuite hostname="0410-3535" failures="0" tests="1" name="clm.DataProvider1" time="0.000" errors="0" timestamp="2023-02-03T12:36:33 GMT-09:00" skipped="1">
  <testcase classname="clm.DataProvider1" name="logInMethod" time="0.000">
    <skipped/>
  </testcase> <!-- logInMethod -->
  <system-out/>
</testsuite> <!-- clm.DataProvider1 -->
