<?xml version="1.0" encoding="UTF-8"?>
<!-- Generated by org.testng.reporters.JUnitReportReporter -->
<testsuite hostname="0410-3535" failures="0" tests="1" name="clm.clm_regression" time="56.649" errors="0" timestamp="2023-06-15T16:55:49 IST" skipped="0">
  <testcase classname="clm.clm_regression" name="click_admin" time="56.649"/>
  <system-out/>
</testsuite> <!-- clm.clm_regression -->
